<?xml version="1.0" encoding="UTF-8"?>
<!-- Generated by org.testng.reporters.JUnitXMLReporter -->
<testsuite ignored="0" hostname="Akshay" failures="1" tests="2" name="Test" time="34.478" errors="0" timestamp="2023-08-04T21:12:27 IST">
  <testcase classname="TestExecution.Test_01" name="testAddToCartSuccess" time="17.664"/>
  <testcase classname="TestExecution.Test_01" name="testAddToCartFail" time="0.972">
    <failure type="java.lang.IndexOutOfBoundsException" message="Index 1 out of bounds for length 1">
      <![CDATA[java.lang.IndexOutOfBoundsException: Index 1 out of bounds for length 1
at java.base/jdk.internal.util.Preconditions.outOfBounds(Preconditions.java:64)
at java.base/jdk.internal.util.Preconditions.outOfBoundsCheckIndex(Preconditions.java:70)
at java.base/jdk.internal.util.Preconditions.checkIndex(Preconditions.java:266)
at java.base/java.util.Objects.checkIndex(Objects.java:359)
at java.base/java.util.ArrayList.get(ArrayList.java:427)
at POM.CommonMenuPage.handleWindow(CommonMenuPage.java:76)
at TestExecution.Test_01.testAddToCartFail(Test_01.java:30)
at java.base/java.util.ArrayList.forEach(ArrayList.java:1511)
... Removed 27 stack frames]]>
    </failure>
  </testcase> <!-- testAddToCartFail -->
</testsuite> <!-- Test -->
