<?xml version="1.0" encoding="UTF-8"?>
<testng-results ignored="0" total="2" passed="1" failed="1" skipped="0">
  <reporter-output>
  </reporter-output>
  <suite started-at="2023-08-04T21:11:53 IST" name="Suite" finished-at="2023-08-04T21:12:27 IST" duration-ms="34478">
    <groups>
    </groups>
    <test started-at="2023-08-04T21:11:53 IST" name="Test" finished-at="2023-08-04T21:12:27 IST" duration-ms="34478">
      <class name="TestExecution.Test_01">
        <test-method is-config="true" signature="initializeDriver()[pri:0, instance:TestExecution.Test_01@2d3379b4]" started-at="2023-08-04T21:11:53 IST" name="initializeDriver" finished-at="2023-08-04T21:11:59 IST" duration-ms="6353" status="PASS">
          <reporter-output>
          </reporter-output>
        </test-method> <!-- initializeDriver -->
        <test-method signature="testAddToCartSuccess()[pri:1, instance:TestExecution.Test_01@2d3379b4]" started-at="2023-08-04T21:11:59 IST" name="testAddToCartSuccess" finished-at="2023-08-04T21:12:17 IST" duration-ms="17664" status="PASS">
          <reporter-output>
          </reporter-output>
        </test-method> <!-- testAddToCartSuccess -->
        <test-method is-config="true" signature="teardown()[pri:0, instance:TestExecution.Test_01@2d3379b4]" started-at="2023-08-04T21:12:17 IST" name="teardown" finished-at="2023-08-04T21:12:17 IST" duration-ms="3" status="PASS">
          <reporter-output>
          </reporter-output>
        </test-method> <!-- teardown -->
        <test-method is-config="true" signature="initializeDriver()[pri:0, instance:TestExecution.Test_01@2d3379b4]" started-at="2023-08-04T21:12:17 IST" name="initializeDriver" finished-at="2023-08-04T21:12:26 IST" duration-ms="9421" status="PASS">
          <reporter-output>
          </reporter-output>
        </test-method> <!-- initializeDriver -->
        <test-method signature="testAddToCartFail()[pri:2, instance:TestExecution.Test_01@2d3379b4]" started-at="2023-08-04T21:12:26 IST" name="testAddToCartFail" finished-at="2023-08-04T21:12:27 IST" duration-ms="972" status="FAIL">
          <exception class="java.lang.IndexOutOfBoundsException">
            <message>
              <![CDATA[Index 1 out of bounds for length 1]]>
            </message>
            <full-stacktrace>
              <![CDATA[java.lang.IndexOutOfBoundsException: Index 1 out of bounds for length 1
at java.base/jdk.internal.util.Preconditions.outOfBounds(Preconditions.java:64)
at java.base/jdk.internal.util.Preconditions.outOfBoundsCheckIndex(Preconditions.java:70)
at java.base/jdk.internal.util.Preconditions.checkIndex(Preconditions.java:266)
at java.base/java.util.Objects.checkIndex(Objects.java:359)
at java.base/java.util.ArrayList.get(ArrayList.java:427)
at POM.CommonMenuPage.handleWindow(CommonMenuPage.java:76)
at TestExecution.Test_01.testAddToCartFail(Test_01.java:30)
at java.base/jdk.internal.reflect.NativeMethodAccessorImpl.invoke0(Native Method)
at java.base/jdk.internal.reflect.NativeMethodAccessorImpl.invoke(NativeMethodAccessorImpl.java:77)
at java.base/jdk.internal.reflect.DelegatingMethodAccessorImpl.invoke(DelegatingMethodAccessorImpl.java:43)
at java.base/java.lang.reflect.Method.invoke(Method.java:568)
at org.testng.internal.invokers.MethodInvocationHelper.invokeMethod(MethodInvocationHelper.java:139)
at org.testng.internal.invokers.TestInvoker.invokeMethod(TestInvoker.java:664)
at org.testng.internal.invokers.TestInvoker.invokeTestMethod(TestInvoker.java:227)
at org.testng.internal.invokers.MethodRunner.runInSequence(MethodRunner.java:50)
at org.testng.internal.invokers.TestInvoker$MethodInvocationAgent.invoke(TestInvoker.java:957)
at org.testng.internal.invokers.TestInvoker.invokeTestMethods(TestInvoker.java:200)
at org.testng.internal.invokers.TestMethodWorker.invokeTestMethods(TestMethodWorker.java:148)
at org.testng.internal.invokers.TestMethodWorker.run(TestMethodWorker.java:128)
at java.base/java.util.ArrayList.forEach(ArrayList.java:1511)
at org.testng.TestRunner.privateRun(TestRunner.java:848)
at org.testng.TestRunner.run(TestRunner.java:621)
at org.testng.SuiteRunner.runTest(SuiteRunner.java:443)
at org.testng.SuiteRunner.runSequentially(SuiteRunner.java:437)
at org.testng.SuiteRunner.privateRun(SuiteRunner.java:397)
at org.testng.SuiteRunner.run(SuiteRunner.java:336)
at org.testng.SuiteRunnerWorker.runSuite(SuiteRunnerWorker.java:52)
at org.testng.SuiteRunnerWorker.run(SuiteRunnerWorker.java:95)
at org.testng.TestNG.runSuitesSequentially(TestNG.java:1280)
at org.testng.TestNG.runSuitesLocally(TestNG.java:1200)
at org.testng.TestNG.runSuites(TestNG.java:1114)
at org.testng.TestNG.run(TestNG.java:1082)
at org.testng.remote.AbstractRemoteTestNG.run(AbstractRemoteTestNG.java:115)
at org.testng.remote.RemoteTestNG.initAndRun(RemoteTestNG.java:251)
at org.testng.remote.RemoteTestNG.main(RemoteTestNG.java:77)
]]>
            </full-stacktrace>
          </exception> <!-- java.lang.IndexOutOfBoundsException -->
          <reporter-output>
          </reporter-output>
        </test-method> <!-- testAddToCartFail -->
        <test-method is-config="true" signature="teardown()[pri:0, instance:TestExecution.Test_01@2d3379b4]" started-at="2023-08-04T21:12:27 IST" name="teardown" finished-at="2023-08-04T21:12:27 IST" duration-ms="0" status="PASS">
          <reporter-output>
          </reporter-output>
        </test-method> <!-- teardown -->
      </class> <!-- TestExecution.Test_01 -->
    </test> <!-- Test -->
  </suite> <!-- Suite -->
</testng-results>
